<?xml version="1.0" encoding="UTF-8"?>
<!-- Generated by org.testng.reporters.JUnitReportReporter -->
<testsuite hostname="LAPTOP-0GGKSUV3" failures="0" tests="1" name="testCases.TC_01_RegistrationAccountTest" time="3.037" errors="0" timestamp="2023-08-19T21:57:15 IST" skipped="0">
  <testcase classname="testCases.TC_01_RegistrationAccountTest" name="account_registration" time="3.037"/>
  <system-out/>
</testsuite> <!-- testCases.TC_01_RegistrationAccountTest -->
