<?xml version="1.0" encoding="UTF-8"?>
<!-- Generated by org.testng.reporters.JUnitReportReporter -->
<testsuite hostname="LAPTOP-0GGKSUV3" failures="0" tests="1" name="testCases.TC_01_RegistrationAccountTest" time="2.100" errors="0" timestamp="2023-08-19T13:21:32 IST" skipped="0">
  <testcase classname="testCases.TC_01_RegistrationAccountTest" name="account_registration" time="2.100"/>
</testsuite> <!-- testCases.TC_01_RegistrationAccountTest -->
